\BOOKMARK [1][-]{section.1}{\376\377\000I\000n\000t\000r\000o\000d\000u\000\347\000\343\000o}{}% 1
\BOOKMARK [2][-]{subsection.1.1}{\376\377\000M\000o\000t\000i\000v\000a\000\347\000\343\000o}{section.1}% 2
\BOOKMARK [2][-]{subsection.1.2}{\376\377\000M\000e\000t\000o\000d\000o\000l\000o\000g\000i\000a}{section.1}% 3
\BOOKMARK [2][-]{subsection.1.3}{\376\377\000E\000s\000p\000a\000\347\000o\000\040\000d\000o\000\040\000M\000u\000n\000d\000o\000\040\000\050\000W\000o\000r\000l\000d\000\040\000S\000p\000a\000c\000e\000\051}{section.1}% 4
\BOOKMARK [2][-]{subsection.1.4}{\376\377\000E\000s\000p\000a\000\347\000o\000\040\000d\000o\000\040\000O\000b\000j\000e\000t\000o\000\040\000\050\000L\000o\000c\000a\000l\000\040\000S\000p\000a\000c\000e\000\051}{section.1}% 5
\BOOKMARK [2][-]{subsection.1.5}{\376\377\000E\000s\000p\000a\000\347\000o\000\040\000d\000a\000\040\000C\000\342\000m\000e\000r\000a\000\040\000\050\000V\000i\000e\000w\000\040\000S\000p\000a\000c\000e\000\051}{section.1}% 6
\BOOKMARK [1][-]{section.2}{\376\377\000T\000r\000a\000n\000s\000f\000o\000r\000m\000a\000\347\000\365\000e\000s\000\040\000G\000e\000r\000a\000i\000s}{}% 7
\BOOKMARK [2][-]{subsection.2.1}{\376\377\000T\000r\000a\000n\000s\000f\000o\000r\000m\000a\000\347\000\343\000o\000\040\000d\000e\000\040\000E\000s\000c\000a\000l\000a}{section.2}% 8
\BOOKMARK [2][-]{subsection.2.2}{\376\377\000T\000r\000a\000n\000s\000f\000o\000r\000m\000a\000\347\000\343\000o\000\040\000d\000e\000\040\000R\000o\000t\000a\000\347\000\343\000o\000/\000O\000r\000i\000e\000n\000t\000a\000\347\000\343\000o}{section.2}% 9
\BOOKMARK [2][-]{subsection.2.3}{\376\377\000T\000r\000a\000n\000s\000f\000o\000r\000m\000a\000\347\000\343\000o\000\040\000d\000e\000\040\000T\000r\000a\000n\000s\000l\000a\000\347\000\343\000o}{section.2}% 10
\BOOKMARK [1][-]{section.3}{\376\377\000O\000b\000j\000e\000t\000o\000s}{}% 11
\BOOKMARK [2][-]{subsection.3.1}{\376\377\000E\000s\000c\000a\000l\000a\000\040\000n\000o\000\040\000O\000b\000j\000e\000t\000o}{section.3}% 12
\BOOKMARK [2][-]{subsection.3.2}{\376\377\000R\000o\000t\000a\000c\000i\000o\000n\000a\000n\000d\000o\000\040\000o\000\040\000O\000b\000j\000e\000t\000o}{section.3}% 13
\BOOKMARK [2][-]{subsection.3.3}{\376\377\000T\000r\000a\000n\000s\000l\000a\000d\000a\000n\000d\000o\000\040\000o\000\040\000O\000b\000j\000e\000t\000o}{section.3}% 14
\BOOKMARK [1][-]{section.4}{\376\377\000C\000\342\000m\000e\000r\000a}{}% 15
\BOOKMARK [2][-]{subsection.4.1}{\376\377\000O\000r\000i\000e\000n\000t\000a\000\347\000\343\000o\000\040\000d\000a\000\040\000C\000\342\000m\000e\000r\000a}{section.4}% 16
\BOOKMARK [3][-]{subsubsection.4.1.1}{\376\377\000C\000\342\000m\000e\000r\000a\000\040\000L\000o\000o\000k\000A\000t}{subsection.4.1}% 17
\BOOKMARK [2][-]{subsection.4.2}{\376\377\000P\000o\000s\000i\000\347\000\343\000o\000\040\000d\000a\000\040\000C\000\342\000m\000e\000r\000a}{section.4}% 18
\BOOKMARK [2][-]{subsection.4.3}{\376\377\000T\000r\000a\000n\000s\000f\000o\000r\000m\000a\000\347\000\343\000o\000\040\000F\000i\000n\000a\000l\000\040\000d\000a\000\040\000C\000\342\000m\000e\000r\000a}{section.4}% 19
\BOOKMARK [1][-]{section.5}{\376\377\000E\000s\000p\000a\000\347\000o\000\040\000d\000o\000\040\000M\000u\000n\000d\000o\000\040\000p\000a\000r\000a\000\040\000E\000s\000p\000a\000\347\000o\000\040\000d\000a\000\040\000C\000\342\000m\000e\000r\000a}{}% 20
\BOOKMARK [1][-]{section.6}{\376\377\000P\000r\000o\000j\000e\000\347\000\343\000o}{}% 21
\BOOKMARK [2][-]{subsection.6.1}{\376\377\000P\000r\000o\000j\000e\000\347\000\343\000o\000\040\000p\000e\000r\000s\000p\000e\000c\000t\000i\000v\000a}{section.6}% 22
\BOOKMARK [3][-]{subsubsection.6.1.1}{\376\377\000C\000o\000n\000t\000r\000u\000\347\000\343\000o\000\040\000d\000a\000\040\000M\000a\000t\000r\000i\000z\000\040\000d\000e\000\040\000p\000e\000r\000s\000p\000e\000c\000t\000i\000v\000a}{subsection.6.1}% 23
\BOOKMARK [1][-]{section.7}{\376\377\000C\000o\000m\000p\000o\000n\000d\000o\000\040\000a\000s\000\040\000T\000r\000a\000n\000s\000f\000o\000r\000m\000a\000\347\000\365\000e\000s}{}% 24
